Determining if the pthread_create exist failed with the following output:
Change Dir: /home/redfox/Desktop/CDIO/build/CMakeFiles/CMakeTmp

Run Build Command:/usr/bin/make "cmTryCompileExec1648969001/fast"
make[1]: Entering directory `/home/redfox/Desktop/CDIO/build/CMakeFiles/CMakeTmp'
/usr/bin/make -f CMakeFiles/cmTryCompileExec1648969001.dir/build.make CMakeFiles/cmTryCompileExec1648969001.dir/build
make[2]: Entering directory `/home/redfox/Desktop/CDIO/build/CMakeFiles/CMakeTmp'
/usr/bin/cmake -E cmake_progress_report /home/redfox/Desktop/CDIO/build/CMakeFiles/CMakeTmp/CMakeFiles 1
Building C object CMakeFiles/cmTryCompileExec1648969001.dir/CheckSymbolExists.c.o
/usr/bin/cc    -o CMakeFiles/cmTryCompileExec1648969001.dir/CheckSymbolExists.c.o   -c /home/redfox/Desktop/CDIO/build/CMakeFiles/CMakeTmp/CheckSymbolExists.c
Linking C executable cmTryCompileExec1648969001
/usr/bin/cmake -E cmake_link_script CMakeFiles/cmTryCompileExec1648969001.dir/link.txt --verbose=1
/usr/bin/cc       CMakeFiles/cmTryCompileExec1648969001.dir/CheckSymbolExists.c.o  -o cmTryCompileExec1648969001 -rdynamic 
CMakeFiles/cmTryCompileExec1648969001.dir/CheckSymbolExists.c.o: In function `main':
CheckSymbolExists.c:(.text+0x16): undefined reference to `pthread_create'
collect2: error: ld returned 1 exit status
make[2]: *** [cmTryCompileExec1648969001] Error 1
make[2]: Leaving directory `/home/redfox/Desktop/CDIO/build/CMakeFiles/CMakeTmp'
make[1]: *** [cmTryCompileExec1648969001/fast] Error 2
make[1]: Leaving directory `/home/redfox/Desktop/CDIO/build/CMakeFiles/CMakeTmp'

File /home/redfox/Desktop/CDIO/build/CMakeFiles/CMakeTmp/CheckSymbolExists.c:
/* */
#include <pthread.h>

int main(int argc, char** argv)
{
  (void)argv;
#ifndef pthread_create
  return ((int*)(&pthread_create))[argc];
#else
  (void)argc;
  return 0;
#endif
}

Determining if the function pthread_create exists in the pthreads failed with the following output:
Change Dir: /home/redfox/Desktop/CDIO/build/CMakeFiles/CMakeTmp

Run Build Command:/usr/bin/make "cmTryCompileExec3448820088/fast"
make[1]: Entering directory `/home/redfox/Desktop/CDIO/build/CMakeFiles/CMakeTmp'
/usr/bin/make -f CMakeFiles/cmTryCompileExec3448820088.dir/build.make CMakeFiles/cmTryCompileExec3448820088.dir/build
make[2]: Entering directory `/home/redfox/Desktop/CDIO/build/CMakeFiles/CMakeTmp'
/usr/bin/cmake -E cmake_progress_report /home/redfox/Desktop/CDIO/build/CMakeFiles/CMakeTmp/CMakeFiles 1
Building C object CMakeFiles/cmTryCompileExec3448820088.dir/CheckFunctionExists.c.o
/usr/bin/cc   -DCHECK_FUNCTION_EXISTS=pthread_create   -o CMakeFiles/cmTryCompileExec3448820088.dir/CheckFunctionExists.c.o   -c /usr/share/cmake-2.8/Modules/CheckFunctionExists.c
Linking C executable cmTryCompileExec3448820088
/usr/bin/cmake -E cmake_link_script CMakeFiles/cmTryCompileExec3448820088.dir/link.txt --verbose=1
/usr/bin/cc   -DCHECK_FUNCTION_EXISTS=pthread_create    CMakeFiles/cmTryCompileExec3448820088.dir/CheckFunctionExists.c.o  -o cmTryCompileExec3448820088 -rdynamic -lpthreads 
/usr/bin/ld: cannot find -lpthreads
collect2: error: ld returned 1 exit status
make[2]: *** [cmTryCompileExec3448820088] Error 1
make[2]: Leaving directory `/home/redfox/Desktop/CDIO/build/CMakeFiles/CMakeTmp'
make[1]: *** [cmTryCompileExec3448820088/fast] Error 2
make[1]: Leaving directory `/home/redfox/Desktop/CDIO/build/CMakeFiles/CMakeTmp'


